C:\USERS\JONGHOON\DOCUMENTS\VISUAL STUDIO 2012\PROJECTS\MERRY\MERRY\DEBUG\MERRY.PCH
C:\USERS\JONGHOON\DOCUMENTS\VISUAL STUDIO 2012\PROJECTS\MERRY\MERRY\DEBUG\STDAFX.OBJ
C:\USERS\JONGHOON\DOCUMENTS\VISUAL STUDIO 2012\PROJECTS\MERRY\MERRY\DEBUG\VC110.PDB
C:\USERS\JONGHOON\DOCUMENTS\VISUAL STUDIO 2012\PROJECTS\MERRY\MERRY\DEBUG\MERRY.OBJ
C:\USERS\JONGHOON\DOCUMENTS\VISUAL STUDIO 2012\PROJECTS\MERRY\MERRY\DEBUG\MERRYDOC.OBJ
C:\USERS\JONGHOON\DOCUMENTS\VISUAL STUDIO 2012\PROJECTS\MERRY\MERRY\DEBUG\MERRYVIEW.OBJ
C:\USERS\JONGHOON\DOCUMENTS\VISUAL STUDIO 2012\PROJECTS\MERRY\MERRY\DEBUG\MAINFRM.OBJ
C:\USERS\JONGHOON\DOCUMENTS\VISUAL STUDIO 2012\PROJECTS\MERRY\MERRY\DEBUG\CONTROLLERVIEW.OBJ
C:\USERS\JONGHOON\DOCUMENTS\VISUAL STUDIO 2012\PROJECTS\MERRY\MERRY\DEBUG\TEXTEDITVIEW.OBJ
C:\USERS\JONGHOON\DOCUMENTS\VISUAL STUDIO 2012\PROJECTS\MERRY\MERRY\DEBUG\TETEDITVIEW.OBJ
C:\USERS\JONGHOON\DOCUMENTS\VISUAL STUDIO 2012\PROJECTS\MERRY\MERRY\DEBUG\MAKEEMOTIONVIEW.OBJ
C:\USERS\JONGHOON\DOCUMENTS\VISUAL STUDIO 2012\PROJECTS\MERRY\MERRY\DEBUG\SELECTEMOTIONVIEW.OBJ
C:\USERS\JONGHOON\DOCUMENTS\VISUAL STUDIO 2012\PROJECTS\MERRY\DEBUG\MERRY.ILK
C:\USERS\JONGHOON\DOCUMENTS\VISUAL STUDIO 2012\PROJECTS\MERRY\DEBUG\MERRY.EXE
C:\USERS\JONGHOON\DOCUMENTS\VISUAL STUDIO 2012\PROJECTS\MERRY\DEBUG\MERRY.PDB
C:\USERS\JONGHOON\DOCUMENTS\VISUAL STUDIO 2012\PROJECTS\MERRY\MERRY\DEBUG\MERRY.RES
C:\Users\Jonghoon\Documents\Visual Studio 2012\Projects\Merry\Merry\Debug\MainFrm.obj
C:\Users\Jonghoon\Documents\Visual Studio 2012\Projects\Merry\Merry\Debug\MakeEmotionView.obj
C:\Users\Jonghoon\Documents\Visual Studio 2012\Projects\Merry\Merry\Debug\Merry.obj
C:\Users\Jonghoon\Documents\Visual Studio 2012\Projects\Merry\Merry\Debug\MerryDoc.obj
C:\Users\Jonghoon\Documents\Visual Studio 2012\Projects\Merry\Merry\Debug\MerryView.obj
C:\Users\Jonghoon\Documents\Visual Studio 2012\Projects\Merry\Merry\Debug\SelectEmotionView.obj
C:\Users\Jonghoon\Documents\Visual Studio 2012\Projects\Merry\Merry\Debug\stdafx.obj
C:\Users\Jonghoon\Documents\Visual Studio 2012\Projects\Merry\Merry\Debug\TetEditView.obj
C:\Users\Jonghoon\Documents\Visual Studio 2012\Projects\Merry\Merry\Debug\TextEditView.obj
C:\Users\Jonghoon\Documents\Visual Studio 2012\Projects\Merry\Merry\Debug\cl.command.1.tlog
C:\Users\Jonghoon\Documents\Visual Studio 2012\Projects\Merry\Merry\Debug\CL.read.1.tlog
C:\Users\Jonghoon\Documents\Visual Studio 2012\Projects\Merry\Merry\Debug\CL.write.1.tlog
C:\Users\Jonghoon\Documents\Visual Studio 2012\Projects\Merry\Merry\Debug\link-cvtres.read.1.tlog
C:\Users\Jonghoon\Documents\Visual Studio 2012\Projects\Merry\Merry\Debug\link-cvtres.write.1.tlog
C:\Users\Jonghoon\Documents\Visual Studio 2012\Projects\Merry\Merry\Debug\link-mt.read.1.tlog
C:\Users\Jonghoon\Documents\Visual Studio 2012\Projects\Merry\Merry\Debug\link-mt.write.1.tlog
C:\Users\Jonghoon\Documents\Visual Studio 2012\Projects\Merry\Merry\Debug\link-rc.read.1.tlog
C:\Users\Jonghoon\Documents\Visual Studio 2012\Projects\Merry\Merry\Debug\link-rc.write.1.tlog
C:\Users\Jonghoon\Documents\Visual Studio 2012\Projects\Merry\Merry\Debug\link.2632-cvtres.read.1.tlog
C:\Users\Jonghoon\Documents\Visual Studio 2012\Projects\Merry\Merry\Debug\link.2632-cvtres.write.1.tlog
C:\Users\Jonghoon\Documents\Visual Studio 2012\Projects\Merry\Merry\Debug\link.2632-mt.read.1.tlog
C:\Users\Jonghoon\Documents\Visual Studio 2012\Projects\Merry\Merry\Debug\link.2632-mt.write.1.tlog
C:\Users\Jonghoon\Documents\Visual Studio 2012\Projects\Merry\Merry\Debug\link.2632-rc.read.1.tlog
C:\Users\Jonghoon\Documents\Visual Studio 2012\Projects\Merry\Merry\Debug\link.2632-rc.write.1.tlog
C:\Users\Jonghoon\Documents\Visual Studio 2012\Projects\Merry\Merry\Debug\link.2632.read.1.tlog
C:\Users\Jonghoon\Documents\Visual Studio 2012\Projects\Merry\Merry\Debug\link.2632.write.1.tlog
C:\Users\Jonghoon\Documents\Visual Studio 2012\Projects\Merry\Merry\Debug\link.5580-cvtres.read.1.tlog
C:\Users\Jonghoon\Documents\Visual Studio 2012\Projects\Merry\Merry\Debug\link.5580-cvtres.write.1.tlog
C:\Users\Jonghoon\Documents\Visual Studio 2012\Projects\Merry\Merry\Debug\link.5580-mt.read.1.tlog
C:\Users\Jonghoon\Documents\Visual Studio 2012\Projects\Merry\Merry\Debug\link.5580-mt.write.1.tlog
C:\Users\Jonghoon\Documents\Visual Studio 2012\Projects\Merry\Merry\Debug\link.5580-rc.read.1.tlog
C:\Users\Jonghoon\Documents\Visual Studio 2012\Projects\Merry\Merry\Debug\link.5580-rc.write.1.tlog
C:\Users\Jonghoon\Documents\Visual Studio 2012\Projects\Merry\Merry\Debug\link.5580.read.1.tlog
C:\Users\Jonghoon\Documents\Visual Studio 2012\Projects\Merry\Merry\Debug\link.5580.write.1.tlog
C:\Users\Jonghoon\Documents\Visual Studio 2012\Projects\Merry\Merry\Debug\link.command.1.tlog
C:\Users\Jonghoon\Documents\Visual Studio 2012\Projects\Merry\Merry\Debug\link.read.1.tlog
C:\Users\Jonghoon\Documents\Visual Studio 2012\Projects\Merry\Merry\Debug\link.write.1.tlog
C:\Users\Jonghoon\Documents\Visual Studio 2012\Projects\Merry\Merry\Debug\rc.command.1.tlog
C:\Users\Jonghoon\Documents\Visual Studio 2012\Projects\Merry\Merry\Debug\rc.read.1.tlog
C:\Users\Jonghoon\Documents\Visual Studio 2012\Projects\Merry\Merry\Debug\rc.write.1.tlog
C:\Users\Jonghoon\Documents\Visual Studio 2012\Projects\Merry\Merry\Debug\Merry.res
C:\Users\Jonghoon\Documents\Visual Studio 2012\Projects\Merry\Merry\Debug\Merry.pch
C:\Users\Jonghoon\Documents\Visual Studio 2012\Projects\Merry\Merry\Debug\vc110.idb
C:\Users\Jonghoon\Documents\Visual Studio 2012\Projects\Merry\Merry\Debug\vc110.pdb
C:\Users\Jonghoon\Documents\Visual Studio 2012\Projects\Merry\Debug\Merry.pdb
C:\Users\Jonghoon\Documents\Visual Studio 2012\Projects\Merry\Debug\Merry.exe
C:\Users\Jonghoon\Documents\Visual Studio 2012\Projects\Merry\Debug\Merry.ilk
