빌드 시작: 2015-07-26 오후 2:29:28
     1>2 노드의 "C:\Users\Jonghoon\Documents\Visual Studio 2012\Projects\Merry0622_1학기최종\Merry\Merry.vcxproj" 프로젝트(Build 대상)입니다.
     1>ClCompile:
         C:\Program Files (x86)\Microsoft Visual Studio 11.0\VC\bin\CL.exe /c /ZI /nologo /W3 /WX- /Od /Oy- /D WIN32 /D _WINDOWS /D _DEBUG /D _UNICODE /D UNICODE /D _AFXDLL /Gm /EHsc /RTC1 /MDd /GS /fp:precise /Zc:wchar_t /Zc:forScope /Yu"stdafx.h" /Fp"Debug\Merry.pch" /Fo"Debug\\" /Fd"Debug\vc110.pdb" /Gd /TP /analyze- /errorReport:prompt Blending.cpp
         Blending.cpp
     1>c:\users\jonghoon\documents\visual studio 2012\projects\merry0622_1학기최종\merry\blending.cpp(49): warning C4244: '=' : 'double'에서 'float'(으)로 변환하면서 데이터가 손실될 수 있습니다.
     1>c:\users\jonghoon\documents\visual studio 2012\projects\merry0622_1학기최종\merry\blending.cpp(60): warning C4244: '=' : 'double'에서 'float'(으)로 변환하면서 데이터가 손실될 수 있습니다.
     1>c:\users\jonghoon\documents\visual studio 2012\projects\merry0622_1학기최종\merry\blending.cpp(67): warning C4244: '=' : 'double'에서 'float'(으)로 변환하면서 데이터가 손실될 수 있습니다.
     1>c:\users\jonghoon\documents\visual studio 2012\projects\merry0622_1학기최종\merry\blending.cpp(81): warning C4244: '=' : 'double'에서 'float'(으)로 변환하면서 데이터가 손실될 수 있습니다.
     1>c:\users\jonghoon\documents\visual studio 2012\projects\merry0622_1학기최종\merry\blending.cpp(97): warning C4244: '=' : 'double'에서 'float'(으)로 변환하면서 데이터가 손실될 수 있습니다.
     1>c:\users\jonghoon\documents\visual studio 2012\projects\merry0622_1학기최종\merry\blending.cpp(104): warning C4244: '=' : 'double'에서 'float'(으)로 변환하면서 데이터가 손실될 수 있습니다.
     1>c:\users\jonghoon\documents\visual studio 2012\projects\merry0622_1학기최종\merry\blending.cpp(119): warning C4018: '<' : signed 또는 unsigned가 일치하지 않습니다.
     1>c:\users\jonghoon\documents\visual studio 2012\projects\merry0622_1학기최종\merry\blending.cpp(123): warning C4018: '<' : signed 또는 unsigned가 일치하지 않습니다.
     1>c:\users\jonghoon\documents\visual studio 2012\projects\merry0622_1학기최종\merry\blending.cpp(132): warning C4018: '<' : signed 또는 unsigned가 일치하지 않습니다.
     1>c:\users\jonghoon\documents\visual studio 2012\projects\merry0622_1학기최종\merry\blending.cpp(138): warning C4244: '=' : 'double'에서 'float'(으)로 변환하면서 데이터가 손실될 수 있습니다.
     1>c:\users\jonghoon\documents\visual studio 2012\projects\merry0622_1학기최종\merry\blending.cpp(142): warning C4244: '=' : 'double'에서 'float'(으)로 변환하면서 데이터가 손실될 수 있습니다.
       Link:
         C:\Program Files (x86)\Microsoft Visual Studio 11.0\VC\bin\link.exe /ERRORREPORT:PROMPT /OUT:"C:\Users\Jonghoon\Documents\Visual Studio 2012\Projects\Merry0622_1학기최종\Debug\Merry.exe" /INCREMENTAL /NOLOGO opengl32.lib glew32.lib SOIL.lib /MANIFEST /MANIFESTUAC:"level='asInvoker' uiAccess='false'" /manifest:embed /manifestinput:"C:\Program Files (x86)\Microsoft Visual Studio 11.0\VC\Include\Manifest\dpiaware.manifest" /DEBUG /PDB:"C:\Users\Jonghoon\Documents\Visual Studio 2012\Projects\Merry0622_1학기최종\Debug\Merry.pdb" /SUBSYSTEM:WINDOWS /TLBID:1 /ENTRY:"wWinMainCRTStartup" /DYNAMICBASE /NXCOMPAT /IMPLIB:"C:\Users\Jonghoon\Documents\Visual Studio 2012\Projects\Merry0622_1학기최종\Debug\Merry.lib" /MACHINE:X86 Debug\Merry.res
         Debug\ActionUnit.obj
         Debug\Blending.obj
         Debug\Box.obj
         Debug\ControllerView.obj
         Debug\EffectedAU.obj
         Debug\Emotion.obj
         Debug\Expression.obj
         Debug\MainFrm.obj
         Debug\Merry.obj
         Debug\MerryDoc.obj
         Debug\MerryView.obj
         Debug\SaveExpressionDlg.obj
         Debug\Speaking.obj
         Debug\stdafx.obj
         Debug\TextEditView.obj
         Merry.vcxproj -> C:\Users\Jonghoon\Documents\Visual Studio 2012\Projects\Merry0622_1학기최종\Debug\Merry.exe
     1>"C:\Users\Jonghoon\Documents\Visual Studio 2012\Projects\Merry0622_1학기최종\Merry\Merry.vcxproj" 프로젝트를 빌드했습니다(Build 대상).

빌드했습니다.

경과 시간: 00:00:02.07
